running egg_info
creating ../../build/robotics/robotics.egg-info
writing ../../build/robotics/robotics.egg-info/PKG-INFO
writing dependency_links to ../../build/robotics/robotics.egg-info/dependency_links.txt
writing requirements to ../../build/robotics/robotics.egg-info/requires.txt
writing top-level names to ../../build/robotics/robotics.egg-info/top_level.txt
writing manifest file '../../build/robotics/robotics.egg-info/SOURCES.txt'
reading manifest file '../../build/robotics/robotics.egg-info/SOURCES.txt'
adding license file 'LICENSE'
writing manifest file '../../build/robotics/robotics.egg-info/SOURCES.txt'
running build
running build_py
creating /home/paolo/ros2_ws/build/robotics/build
creating /home/paolo/ros2_ws/build/robotics/build/lib
creating /home/paolo/ros2_ws/build/robotics/build/lib/robotics
copying robotics/__init__.py -> /home/paolo/ros2_ws/build/robotics/build/lib/robotics
running install
running install_lib
creating /home/paolo/ros2_ws/install/robotics/lib/python3.10/site-packages/robotics
copying /home/paolo/ros2_ws/build/robotics/build/lib/robotics/__init__.py -> /home/paolo/ros2_ws/install/robotics/lib/python3.10/site-packages/robotics
byte-compiling /home/paolo/ros2_ws/install/robotics/lib/python3.10/site-packages/robotics/__init__.py to __init__.cpython-310.pyc
running install_data
creating /home/paolo/ros2_ws/install/robotics/share/ament_index
creating /home/paolo/ros2_ws/install/robotics/share/ament_index/resource_index
creating /home/paolo/ros2_ws/install/robotics/share/ament_index/resource_index/packages
copying resource/robotics -> /home/paolo/ros2_ws/install/robotics/share/ament_index/resource_index/packages
copying package.xml -> /home/paolo/ros2_ws/install/robotics/share/robotics
running install_egg_info
Copying ../../build/robotics/robotics.egg-info to /home/paolo/ros2_ws/install/robotics/lib/python3.10/site-packages/robotics-0.0.0-py3.10.egg-info
running install_scripts
writing list of installed files to '/home/paolo/ros2_ws/build/robotics/install.log'
