[0.681s] Invoking command in '/home/paolo/ros2_ws/src/robotics': PYTHONPATH=/home/paolo/ros2_ws/build/robotics/prefix_override:/home/paolo/ros2_ws/install/robotics/lib/python3.10/site-packages:${PYTHONPATH} /usr/bin/python3 -W ignore:setup.py install is deprecated setup.py egg_info --egg-base ../../build/robotics build --build-base /home/paolo/ros2_ws/build/robotics/build install --record /home/paolo/ros2_ws/build/robotics/install.log --single-version-externally-managed install_data
[0.889s] running egg_info
[0.898s] writing ../../build/robotics/robotics.egg-info/PKG-INFO
[0.900s] writing dependency_links to ../../build/robotics/robotics.egg-info/dependency_links.txt
[0.900s] writing entry points to ../../build/robotics/robotics.egg-info/entry_points.txt
[0.900s] writing requirements to ../../build/robotics/robotics.egg-info/requires.txt
[0.900s] writing top-level names to ../../build/robotics/robotics.egg-info/top_level.txt
[0.925s] reading manifest file '../../build/robotics/robotics.egg-info/SOURCES.txt'
[0.926s] adding license file 'LICENSE'
[0.927s] writing manifest file '../../build/robotics/robotics.egg-info/SOURCES.txt'
[0.927s] running build
[0.928s] running build_py
[0.928s] copying robotics/tf.py -> /home/paolo/ros2_ws/build/robotics/build/lib/robotics
[0.928s] copying robotics/go2goal.py -> /home/paolo/ros2_ws/build/robotics/build/lib/robotics
[0.929s] copying robotics/__init__.py -> /home/paolo/ros2_ws/build/robotics/build/lib/robotics
[0.929s] copying robotics/variable_robot_kinematics.py -> /home/paolo/ros2_ws/build/robotics/build/lib/robotics
[0.929s] copying robotics/odom2wheelspeeds.py -> /home/paolo/ros2_ws/build/robotics/build/lib/robotics
[0.929s] copying robotics/quaternions.py -> /home/paolo/ros2_ws/build/robotics/build/lib/robotics
[0.929s] copying robotics/gz_tf_to_rviz_tf.py -> /home/paolo/ros2_ws/build/robotics/build/lib/robotics
[0.930s] copying robotics/path_generator.py -> /home/paolo/ros2_ws/build/robotics/build/lib/robotics
[0.930s] running install
[0.934s] running install_lib
[0.944s] copying /home/paolo/ros2_ws/build/robotics/build/lib/robotics/tf.py -> /home/paolo/ros2_ws/install/robotics/lib/python3.10/site-packages/robotics
[0.944s] copying /home/paolo/ros2_ws/build/robotics/build/lib/robotics/variable_robot_kinematics.py -> /home/paolo/ros2_ws/install/robotics/lib/python3.10/site-packages/robotics
[0.944s] byte-compiling /home/paolo/ros2_ws/install/robotics/lib/python3.10/site-packages/robotics/tf.py to tf.cpython-310.pyc
[0.945s] byte-compiling /home/paolo/ros2_ws/install/robotics/lib/python3.10/site-packages/robotics/variable_robot_kinematics.py to variable_robot_kinematics.cpython-310.pyc
[0.947s] running install_data
[0.947s] copying resource/robotics -> /home/paolo/ros2_ws/install/robotics/share/ament_index/resource_index/packages
[0.947s] copying package.xml -> /home/paolo/ros2_ws/install/robotics/share/robotics
[0.947s] copying worlds/puzzlebot.sdf -> /home/paolo/ros2_ws/install/robotics/share/robotics/worlds
[0.947s] copying urdf/Puzzlebot.urdf -> /home/paolo/ros2_ws/install/robotics/share/robotics/urdf
[0.948s] copying robotics/tf.py -> /home/paolo/ros2_ws/install/robotics/lib/robotics
[0.948s] copying robotics/quaternions.py -> /home/paolo/ros2_ws/install/robotics/lib/robotics
[0.948s] running install_egg_info
[0.959s] removing '/home/paolo/ros2_ws/install/robotics/lib/python3.10/site-packages/robotics-0.0.0-py3.10.egg-info' (and everything under it)
[0.960s] Copying ../../build/robotics/robotics.egg-info to /home/paolo/ros2_ws/install/robotics/lib/python3.10/site-packages/robotics-0.0.0-py3.10.egg-info
[0.960s] running install_scripts
[1.049s] Installing go2goal script to /home/paolo/ros2_ws/install/robotics/lib/robotics
[1.050s] Installing gz_tf_to_rviz_tf script to /home/paolo/ros2_ws/install/robotics/lib/robotics
[1.050s] Installing odom2wheelspeeds script to /home/paolo/ros2_ws/install/robotics/lib/robotics
[1.050s] Installing path_generator script to /home/paolo/ros2_ws/install/robotics/lib/robotics
[1.050s] Installing variable_robot_kinematics script to /home/paolo/ros2_ws/install/robotics/lib/robotics
[1.050s] writing list of installed files to '/home/paolo/ros2_ws/build/robotics/install.log'
[1.094s] Invoked command in '/home/paolo/ros2_ws/src/robotics' returned '0': PYTHONPATH=/home/paolo/ros2_ws/build/robotics/prefix_override:/home/paolo/ros2_ws/install/robotics/lib/python3.10/site-packages:${PYTHONPATH} /usr/bin/python3 -W ignore:setup.py install is deprecated setup.py egg_info --egg-base ../../build/robotics build --build-base /home/paolo/ros2_ws/build/robotics/build install --record /home/paolo/ros2_ws/build/robotics/install.log --single-version-externally-managed install_data
