[1.650s] Invoking command in '/home/paolo/ros2_ws/src/robotics': PYTHONPATH=/home/paolo/ros2_ws/build/robotics/prefix_override:/home/paolo/ros2_ws/install/robotics/lib/python3.10/site-packages:${PYTHONPATH} /usr/bin/python3 -W ignore:setup.py install is deprecated setup.py egg_info --egg-base ../../build/robotics build --build-base /home/paolo/ros2_ws/build/robotics/build install --record /home/paolo/ros2_ws/build/robotics/install.log --single-version-externally-managed install_data
[1.997s] running egg_info
[2.019s] writing ../../build/robotics/robotics.egg-info/PKG-INFO
[2.021s] writing dependency_links to ../../build/robotics/robotics.egg-info/dependency_links.txt
[2.021s] writing entry points to ../../build/robotics/robotics.egg-info/entry_points.txt
[2.022s] writing requirements to ../../build/robotics/robotics.egg-info/requires.txt
[2.022s] writing top-level names to ../../build/robotics/robotics.egg-info/top_level.txt
[2.049s] reading manifest file '../../build/robotics/robotics.egg-info/SOURCES.txt'
[2.050s] adding license file 'LICENSE'
[2.051s] writing manifest file '../../build/robotics/robotics.egg-info/SOURCES.txt'
[2.052s] running build
[2.052s] running build_py
[2.053s] copying robotics/tf.py -> /home/paolo/ros2_ws/build/robotics/build/lib/robotics
[2.053s] copying robotics/go2goal.py -> /home/paolo/ros2_ws/build/robotics/build/lib/robotics
[2.053s] copying robotics/__init__.py -> /home/paolo/ros2_ws/build/robotics/build/lib/robotics
[2.053s] copying robotics/variable_robot_kinematics.py -> /home/paolo/ros2_ws/build/robotics/build/lib/robotics
[2.053s] copying robotics/odom2wheelspeeds.py -> /home/paolo/ros2_ws/build/robotics/build/lib/robotics
[2.054s] copying robotics/quaternions.py -> /home/paolo/ros2_ws/build/robotics/build/lib/robotics
[2.054s] copying robotics/gz_tf_to_rviz_tf.py -> /home/paolo/ros2_ws/build/robotics/build/lib/robotics
[2.054s] copying robotics/path_generator.py -> /home/paolo/ros2_ws/build/robotics/build/lib/robotics
[2.054s] running install
[2.061s] running install_lib
[2.078s] copying /home/paolo/ros2_ws/build/robotics/build/lib/robotics/variable_robot_kinematics.py -> /home/paolo/ros2_ws/install/robotics/lib/python3.10/site-packages/robotics
[2.079s] byte-compiling /home/paolo/ros2_ws/install/robotics/lib/python3.10/site-packages/robotics/variable_robot_kinematics.py to variable_robot_kinematics.cpython-310.pyc
[2.083s] running install_data
[2.084s] copying resource/robotics -> /home/paolo/ros2_ws/install/robotics/share/ament_index/resource_index/packages
[2.085s] copying package.xml -> /home/paolo/ros2_ws/install/robotics/share/robotics
[2.085s] copying worlds/puzzlebot.sdf -> /home/paolo/ros2_ws/install/robotics/share/robotics/worlds
[2.085s] copying urdf/Puzzlebot.urdf -> /home/paolo/ros2_ws/install/robotics/share/robotics/urdf
[2.085s] copying robotics/tf.py -> /home/paolo/ros2_ws/install/robotics/lib/robotics
[2.086s] copying robotics/quaternions.py -> /home/paolo/ros2_ws/install/robotics/lib/robotics
[2.086s] running install_egg_info
[2.105s] removing '/home/paolo/ros2_ws/install/robotics/lib/python3.10/site-packages/robotics-0.0.0-py3.10.egg-info' (and everything under it)
[2.106s] Copying ../../build/robotics/robotics.egg-info to /home/paolo/ros2_ws/install/robotics/lib/python3.10/site-packages/robotics-0.0.0-py3.10.egg-info
[2.107s] running install_scripts
[2.247s] Installing go2goal script to /home/paolo/ros2_ws/install/robotics/lib/robotics
[2.247s] Installing gz_tf_to_rviz_tf script to /home/paolo/ros2_ws/install/robotics/lib/robotics
[2.247s] Installing odom2wheelspeeds script to /home/paolo/ros2_ws/install/robotics/lib/robotics
[2.247s] Installing path_generator script to /home/paolo/ros2_ws/install/robotics/lib/robotics
[2.247s] Installing variable_robot_kinematics script to /home/paolo/ros2_ws/install/robotics/lib/robotics
[2.248s] writing list of installed files to '/home/paolo/ros2_ws/build/robotics/install.log'
[2.465s] Invoked command in '/home/paolo/ros2_ws/src/robotics' returned '0': PYTHONPATH=/home/paolo/ros2_ws/build/robotics/prefix_override:/home/paolo/ros2_ws/install/robotics/lib/python3.10/site-packages:${PYTHONPATH} /usr/bin/python3 -W ignore:setup.py install is deprecated setup.py egg_info --egg-base ../../build/robotics build --build-base /home/paolo/ros2_ws/build/robotics/build install --record /home/paolo/ros2_ws/build/robotics/install.log --single-version-externally-managed install_data
