[0.537s] DEBUG:colcon:Command line arguments: ['/usr/bin/colcon', 'list', '-p', '--base-paths', '/home/lpm/ros2_tests']
[0.537s] DEBUG:colcon:Parsed command line arguments: Namespace(log_base=None, log_level=None, verb_name='list', build_base='build', ignore_user_meta=False, metas=['./colcon.meta'], base_paths=['/home/lpm/ros2_tests'], packages_ignore=None, packages_ignore_regex=None, paths=None, packages_up_to=None, packages_up_to_regex=None, packages_above=None, packages_above_and_dependencies=None, packages_above_depth=None, packages_select_by_dep=None, packages_skip_by_dep=None, packages_skip_up_to=None, packages_select_build_failed=False, packages_skip_build_finished=False, packages_select_test_failures=False, packages_skip_test_passed=False, packages_select=None, packages_skip=None, packages_select_regex=None, packages_skip_regex=None, packages_start=None, packages_end=None, allow_overriding=[], topological_order=False, names_only=False, paths_only=True, topological_graph=False, topological_graph_dot=False, topological_graph_density=False, topological_graph_legend=False, topological_graph_dot_cluster=False, topological_graph_dot_include_skipped=False, mixin_files=None, mixin=None, verb_parser=<colcon_mixin.mixin.mixin_argument.MixinArgumentDecorator object at 0x7b3fc5f49d20>, verb_extension=<colcon_package_information.verb.list.ListVerb object at 0x7b3fc5f48a60>, main=<bound method ListVerb.main of <colcon_package_information.verb.list.ListVerb object at 0x7b3fc5f48a60>>, mixin_verb=('list',))
[2.217s] Level 1:colcon.colcon_core.package_discovery:discover_packages(colcon_meta) check parameters
[2.218s] Level 1:colcon.colcon_core.package_discovery:discover_packages(recursive) check parameters
[2.218s] Level 1:colcon.colcon_core.package_discovery:discover_packages(ignore) check parameters
[2.218s] Level 1:colcon.colcon_core.package_discovery:discover_packages(path) check parameters
[2.218s] Level 1:colcon.colcon_core.package_discovery:discover_packages(recursive) discover
[2.218s] INFO:colcon.colcon_core.package_discovery:Crawling recursively for packages in '/home/lpm/ros2_tests'
[2.224s] Level 1:colcon.colcon_core.package_identification:_identify(/home/lpm/ros2_tests) by extensions ['ignore', 'ignore_ament_install']
[2.224s] Level 1:colcon.colcon_core.package_identification:_identify(/home/lpm/ros2_tests) by extension 'ignore'
[2.225s] Level 1:colcon.colcon_core.package_identification:_identify(/home/lpm/ros2_tests) by extension 'ignore_ament_install'
[2.225s] Level 1:colcon.colcon_core.package_identification:_identify(/home/lpm/ros2_tests) by extensions ['colcon_pkg']
[2.225s] Level 1:colcon.colcon_core.package_identification:_identify(/home/lpm/ros2_tests) by extension 'colcon_pkg'
[2.225s] Level 1:colcon.colcon_core.package_identification:_identify(/home/lpm/ros2_tests) by extensions ['colcon_meta']
[2.225s] Level 1:colcon.colcon_core.package_identification:_identify(/home/lpm/ros2_tests) by extension 'colcon_meta'
[2.225s] Level 1:colcon.colcon_core.package_identification:_identify(/home/lpm/ros2_tests) by extensions ['ros']
[2.225s] Level 1:colcon.colcon_core.package_identification:_identify(/home/lpm/ros2_tests) by extension 'ros'
[2.385s] Level 1:colcon.colcon_core.package_identification:_identify(/home/lpm/ros2_tests) by extensions ['cmake', 'python']
[2.385s] Level 1:colcon.colcon_core.package_identification:_identify(/home/lpm/ros2_tests) by extension 'cmake'
[2.385s] Level 1:colcon.colcon_core.package_identification:_identify(/home/lpm/ros2_tests) by extension 'python'
[2.385s] Level 1:colcon.colcon_core.package_identification:_identify(/home/lpm/ros2_tests) by extensions ['python_setup_py']
[2.385s] Level 1:colcon.colcon_core.package_identification:_identify(/home/lpm/ros2_tests) by extension 'python_setup_py'
[2.386s] Level 1:colcon.colcon_core.package_identification:_identify(/home/lpm/ros2_tests/build) by extensions ['ignore', 'ignore_ament_install']
[2.386s] Level 1:colcon.colcon_core.package_identification:_identify(/home/lpm/ros2_tests/build) by extension 'ignore'
[2.386s] Level 1:colcon.colcon_core.package_identification:_identify(/home/lpm/ros2_tests/build) ignored
[2.389s] Level 1:colcon.colcon_core.package_identification:_identify(/home/lpm/ros2_tests/install) by extensions ['ignore', 'ignore_ament_install']
[2.390s] Level 1:colcon.colcon_core.package_identification:_identify(/home/lpm/ros2_tests/install) by extension 'ignore'
[2.390s] Level 1:colcon.colcon_core.package_identification:_identify(/home/lpm/ros2_tests/install) ignored
[2.390s] Level 1:colcon.colcon_core.package_identification:_identify(/home/lpm/ros2_tests/log) by extensions ['ignore', 'ignore_ament_install']
[2.391s] Level 1:colcon.colcon_core.package_identification:_identify(/home/lpm/ros2_tests/log) by extension 'ignore'
[2.391s] Level 1:colcon.colcon_core.package_identification:_identify(/home/lpm/ros2_tests/log) ignored
[2.393s] Level 1:colcon.colcon_core.package_identification:_identify(/home/lpm/ros2_tests/src) by extensions ['ignore', 'ignore_ament_install']
[2.394s] Level 1:colcon.colcon_core.package_identification:_identify(/home/lpm/ros2_tests/src) by extension 'ignore'
[2.394s] Level 1:colcon.colcon_core.package_identification:_identify(/home/lpm/ros2_tests/src) by extension 'ignore_ament_install'
[2.394s] Level 1:colcon.colcon_core.package_identification:_identify(/home/lpm/ros2_tests/src) by extensions ['colcon_pkg']
[2.394s] Level 1:colcon.colcon_core.package_identification:_identify(/home/lpm/ros2_tests/src) by extension 'colcon_pkg'
[2.394s] Level 1:colcon.colcon_core.package_identification:_identify(/home/lpm/ros2_tests/src) by extensions ['colcon_meta']
[2.394s] Level 1:colcon.colcon_core.package_identification:_identify(/home/lpm/ros2_tests/src) by extension 'colcon_meta'
[2.404s] Level 1:colcon.colcon_core.package_identification:_identify(/home/lpm/ros2_tests/src) by extensions ['ros']
[2.404s] Level 1:colcon.colcon_core.package_identification:_identify(/home/lpm/ros2_tests/src) by extension 'ros'
[2.404s] Level 1:colcon.colcon_core.package_identification:_identify(/home/lpm/ros2_tests/src) by extensions ['cmake', 'python']
[2.405s] Level 1:colcon.colcon_core.package_identification:_identify(/home/lpm/ros2_tests/src) by extension 'cmake'
[2.405s] Level 1:colcon.colcon_core.package_identification:_identify(/home/lpm/ros2_tests/src) by extension 'python'
[2.405s] Level 1:colcon.colcon_core.package_identification:_identify(/home/lpm/ros2_tests/src) by extensions ['python_setup_py']
[2.405s] Level 1:colcon.colcon_core.package_identification:_identify(/home/lpm/ros2_tests/src) by extension 'python_setup_py'
[2.405s] Level 1:colcon.colcon_core.package_identification:_identify(/home/lpm/ros2_tests/src/robotics) by extensions ['ignore', 'ignore_ament_install']
[2.406s] Level 1:colcon.colcon_core.package_identification:_identify(/home/lpm/ros2_tests/src/robotics) by extension 'ignore'
[2.406s] Level 1:colcon.colcon_core.package_identification:_identify(/home/lpm/ros2_tests/src/robotics) by extension 'ignore_ament_install'
[2.407s] Level 1:colcon.colcon_core.package_identification:_identify(/home/lpm/ros2_tests/src/robotics) by extensions ['colcon_pkg']
[2.407s] Level 1:colcon.colcon_core.package_identification:_identify(/home/lpm/ros2_tests/src/robotics) by extension 'colcon_pkg'
[2.407s] Level 1:colcon.colcon_core.package_identification:_identify(/home/lpm/ros2_tests/src/robotics) by extensions ['colcon_meta']
[2.407s] Level 1:colcon.colcon_core.package_identification:_identify(/home/lpm/ros2_tests/src/robotics) by extension 'colcon_meta'
[2.407s] Level 1:colcon.colcon_core.package_identification:_identify(/home/lpm/ros2_tests/src/robotics) by extensions ['ros']
[2.408s] Level 1:colcon.colcon_core.package_identification:_identify(/home/lpm/ros2_tests/src/robotics) by extension 'ros'
[2.417s] DEBUG:colcon.colcon_core.package_identification:Package '/home/lpm/ros2_tests/src/robotics' with type 'ros.ament_python' and name 'robotics'
[2.417s] Level 1:colcon.colcon_core.package_discovery:discover_packages(recursive) using defaults
