/home/paolo/ros2_ws/install/robotics/lib/python3.10/site-packages/robotics/tf.py
/home/paolo/ros2_ws/install/robotics/lib/python3.10/site-packages/robotics/go2goal.py
/home/paolo/ros2_ws/install/robotics/lib/python3.10/site-packages/robotics/__init__.py
/home/paolo/ros2_ws/install/robotics/lib/python3.10/site-packages/robotics/variable_robot_kinematics.py
/home/paolo/ros2_ws/install/robotics/lib/python3.10/site-packages/robotics/odom2wheelspeeds.py
/home/paolo/ros2_ws/install/robotics/lib/python3.10/site-packages/robotics/quaternions.py
/home/paolo/ros2_ws/install/robotics/lib/python3.10/site-packages/robotics/gz_tf_to_rviz_tf.py
/home/paolo/ros2_ws/install/robotics/lib/python3.10/site-packages/robotics/path_generator.py
/home/paolo/ros2_ws/install/robotics/lib/python3.10/site-packages/robotics/__pycache__/tf.cpython-310.pyc
/home/paolo/ros2_ws/install/robotics/lib/python3.10/site-packages/robotics/__pycache__/go2goal.cpython-310.pyc
/home/paolo/ros2_ws/install/robotics/lib/python3.10/site-packages/robotics/__pycache__/__init__.cpython-310.pyc
/home/paolo/ros2_ws/install/robotics/lib/python3.10/site-packages/robotics/__pycache__/variable_robot_kinematics.cpython-310.pyc
/home/paolo/ros2_ws/install/robotics/lib/python3.10/site-packages/robotics/__pycache__/odom2wheelspeeds.cpython-310.pyc
/home/paolo/ros2_ws/install/robotics/lib/python3.10/site-packages/robotics/__pycache__/quaternions.cpython-310.pyc
/home/paolo/ros2_ws/install/robotics/lib/python3.10/site-packages/robotics/__pycache__/gz_tf_to_rviz_tf.cpython-310.pyc
/home/paolo/ros2_ws/install/robotics/lib/python3.10/site-packages/robotics/__pycache__/path_generator.cpython-310.pyc
/home/paolo/ros2_ws/install/robotics/share/ament_index/resource_index/packages/robotics
/home/paolo/ros2_ws/install/robotics/share/robotics/package.xml
/home/paolo/ros2_ws/install/robotics/share/robotics/launch
/home/paolo/ros2_ws/install/robotics/share/robotics/worlds/puzzlebot.sdf
/home/paolo/ros2_ws/install/robotics/share/robotics/config
/home/paolo/ros2_ws/install/robotics/share/robotics/meshes
/home/paolo/ros2_ws/install/robotics/share/robotics/urdf/Puzzlebot.urdf
/home/paolo/ros2_ws/install/robotics/lib/robotics/tf.py
/home/paolo/ros2_ws/install/robotics/lib/robotics/quaternions.py
/home/paolo/ros2_ws/install/robotics/lib/python3.10/site-packages/robotics-0.0.0-py3.10.egg-info/dependency_links.txt
/home/paolo/ros2_ws/install/robotics/lib/python3.10/site-packages/robotics-0.0.0-py3.10.egg-info/top_level.txt
/home/paolo/ros2_ws/install/robotics/lib/python3.10/site-packages/robotics-0.0.0-py3.10.egg-info/entry_points.txt
/home/paolo/ros2_ws/install/robotics/lib/python3.10/site-packages/robotics-0.0.0-py3.10.egg-info/requires.txt
/home/paolo/ros2_ws/install/robotics/lib/python3.10/site-packages/robotics-0.0.0-py3.10.egg-info/PKG-INFO
/home/paolo/ros2_ws/install/robotics/lib/python3.10/site-packages/robotics-0.0.0-py3.10.egg-info/SOURCES.txt
/home/paolo/ros2_ws/install/robotics/lib/python3.10/site-packages/robotics-0.0.0-py3.10.egg-info/zip-safe
/home/paolo/ros2_ws/install/robotics/lib/robotics/go2goal
/home/paolo/ros2_ws/install/robotics/lib/robotics/gz_tf_to_rviz_tf
/home/paolo/ros2_ws/install/robotics/lib/robotics/odom2wheelspeeds
/home/paolo/ros2_ws/install/robotics/lib/robotics/path_generator
/home/paolo/ros2_ws/install/robotics/lib/robotics/variable_robot_kinematics
