[1.180s] Invoking command in '/home/paolo/ros2_ws/src/robotics': PYTHONPATH=/home/paolo/ros2_ws/build/robotics/prefix_override:/home/paolo/ros2_ws/install/robotics/lib/python3.10/site-packages:${PYTHONPATH} /usr/bin/python3 -W ignore:setup.py install is deprecated setup.py egg_info --egg-base ../../build/robotics build --build-base /home/paolo/ros2_ws/build/robotics/build install --record /home/paolo/ros2_ws/build/robotics/install.log --single-version-externally-managed install_data
[1.461s] running egg_info
[1.475s] writing ../../build/robotics/robotics.egg-info/PKG-INFO
[1.476s] writing dependency_links to ../../build/robotics/robotics.egg-info/dependency_links.txt
[1.476s] writing entry points to ../../build/robotics/robotics.egg-info/entry_points.txt
[1.477s] writing requirements to ../../build/robotics/robotics.egg-info/requires.txt
[1.477s] writing top-level names to ../../build/robotics/robotics.egg-info/top_level.txt
[1.503s] reading manifest file '../../build/robotics/robotics.egg-info/SOURCES.txt'
[1.504s] adding license file 'LICENSE'
[1.505s] writing manifest file '../../build/robotics/robotics.egg-info/SOURCES.txt'
[1.505s] running build
[1.505s] running build_py
[1.506s] copying robotics/go2goal.py -> /home/paolo/ros2_ws/build/robotics/build/lib/robotics
[1.506s] copying robotics/__init__.py -> /home/paolo/ros2_ws/build/robotics/build/lib/robotics
[1.506s] copying robotics/variable_robot_kinematics.py -> /home/paolo/ros2_ws/build/robotics/build/lib/robotics
[1.506s] copying robotics/odom2wheelspeeds.py -> /home/paolo/ros2_ws/build/robotics/build/lib/robotics
[1.506s] copying robotics/gz_tf_to_rviz_tf.py -> /home/paolo/ros2_ws/build/robotics/build/lib/robotics
[1.507s] copying robotics/path_generator.py -> /home/paolo/ros2_ws/build/robotics/build/lib/robotics
[1.508s] running install
[1.515s] running install_lib
[1.528s] running install_data
[1.528s] copying resource/robotics -> /home/paolo/ros2_ws/install/robotics/share/ament_index/resource_index/packages
[1.528s] copying package.xml -> /home/paolo/ros2_ws/install/robotics/share/robotics
[1.528s] creating /home/paolo/ros2_ws/install/robotics/share/robotics/launch
[1.528s] creating /home/paolo/ros2_ws/install/robotics/share/robotics/worlds
[1.529s] copying worlds/puzzlebot.sdf -> /home/paolo/ros2_ws/install/robotics/share/robotics/worlds
[1.529s] creating /home/paolo/ros2_ws/install/robotics/share/robotics/config
[1.529s] creating /home/paolo/ros2_ws/install/robotics/share/robotics/meshes
[1.529s] creating /home/paolo/ros2_ws/install/robotics/share/robotics/urdf
[1.529s] copying urdf/Puzzlebot.urdf -> /home/paolo/ros2_ws/install/robotics/share/robotics/urdf
[1.529s] running install_egg_info
[1.548s] removing '/home/paolo/ros2_ws/install/robotics/lib/python3.10/site-packages/robotics-0.0.0-py3.10.egg-info' (and everything under it)
[1.548s] Copying ../../build/robotics/robotics.egg-info to /home/paolo/ros2_ws/install/robotics/lib/python3.10/site-packages/robotics-0.0.0-py3.10.egg-info
[1.548s] running install_scripts
[1.677s] Installing go2goal script to /home/paolo/ros2_ws/install/robotics/lib/robotics
[1.678s] Installing gz_tf_to_rviz_tf script to /home/paolo/ros2_ws/install/robotics/lib/robotics
[1.678s] Installing odom2wheelspeeds script to /home/paolo/ros2_ws/install/robotics/lib/robotics
[1.678s] Installing path_generator script to /home/paolo/ros2_ws/install/robotics/lib/robotics
[1.678s] Installing variable_robot_kinematics script to /home/paolo/ros2_ws/install/robotics/lib/robotics
[1.679s] writing list of installed files to '/home/paolo/ros2_ws/build/robotics/install.log'
[1.868s] Invoked command in '/home/paolo/ros2_ws/src/robotics' returned '0': PYTHONPATH=/home/paolo/ros2_ws/build/robotics/prefix_override:/home/paolo/ros2_ws/install/robotics/lib/python3.10/site-packages:${PYTHONPATH} /usr/bin/python3 -W ignore:setup.py install is deprecated setup.py egg_info --egg-base ../../build/robotics build --build-base /home/paolo/ros2_ws/build/robotics/build install --record /home/paolo/ros2_ws/build/robotics/install.log --single-version-externally-managed install_data
