[1.055s] Invoking command in '/home/paolo/ros2_ws/src/robotics': PYTHONPATH=/home/paolo/ros2_ws/build/robotics/prefix_override:/home/paolo/ros2_ws/install/robotics/lib/python3.10/site-packages:${PYTHONPATH} /usr/bin/python3 -W ignore:setup.py install is deprecated setup.py egg_info --egg-base ../../build/robotics build --build-base /home/paolo/ros2_ws/build/robotics/build install --record /home/paolo/ros2_ws/build/robotics/install.log --single-version-externally-managed install_data
[1.309s] running egg_info
[1.321s] writing ../../build/robotics/robotics.egg-info/PKG-INFO
[1.323s] writing dependency_links to ../../build/robotics/robotics.egg-info/dependency_links.txt
[1.323s] writing entry points to ../../build/robotics/robotics.egg-info/entry_points.txt
[1.323s] writing requirements to ../../build/robotics/robotics.egg-info/requires.txt
[1.324s] writing top-level names to ../../build/robotics/robotics.egg-info/top_level.txt
[1.347s] reading manifest file '../../build/robotics/robotics.egg-info/SOURCES.txt'
[1.347s] adding license file 'LICENSE'
[1.349s] writing manifest file '../../build/robotics/robotics.egg-info/SOURCES.txt'
[1.349s] running build
[1.349s] running build_py
[1.350s] copying robotics/tf.py -> /home/paolo/ros2_ws/build/robotics/build/lib/robotics
[1.350s] copying robotics/go2goal.py -> /home/paolo/ros2_ws/build/robotics/build/lib/robotics
[1.350s] copying robotics/__init__.py -> /home/paolo/ros2_ws/build/robotics/build/lib/robotics
[1.350s] copying robotics/variable_robot_kinematics.py -> /home/paolo/ros2_ws/build/robotics/build/lib/robotics
[1.351s] copying robotics/odom2wheelspeeds.py -> /home/paolo/ros2_ws/build/robotics/build/lib/robotics
[1.351s] copying robotics/gz_tf_to_rviz_tf.py -> /home/paolo/ros2_ws/build/robotics/build/lib/robotics
[1.351s] copying robotics/path_generator.py -> /home/paolo/ros2_ws/build/robotics/build/lib/robotics
[1.351s] running install
[1.358s] running install_lib
[1.371s] copying /home/paolo/ros2_ws/build/robotics/build/lib/robotics/tf.py -> /home/paolo/ros2_ws/install/robotics/lib/python3.10/site-packages/robotics
[1.371s] copying /home/paolo/ros2_ws/build/robotics/build/lib/robotics/variable_robot_kinematics.py -> /home/paolo/ros2_ws/install/robotics/lib/python3.10/site-packages/robotics
[1.373s] byte-compiling /home/paolo/ros2_ws/install/robotics/lib/python3.10/site-packages/robotics/tf.py to tf.cpython-310.pyc
[1.374s] byte-compiling /home/paolo/ros2_ws/install/robotics/lib/python3.10/site-packages/robotics/variable_robot_kinematics.py to variable_robot_kinematics.cpython-310.pyc
[1.375s] running install_data
[1.375s] copying resource/robotics -> /home/paolo/ros2_ws/install/robotics/share/ament_index/resource_index/packages
[1.376s] copying package.xml -> /home/paolo/ros2_ws/install/robotics/share/robotics
[1.376s] copying worlds/puzzlebot.sdf -> /home/paolo/ros2_ws/install/robotics/share/robotics/worlds
[1.376s] copying urdf/Puzzlebot.urdf -> /home/paolo/ros2_ws/install/robotics/share/robotics/urdf
[1.376s] copying robotics/tf.py -> /home/paolo/ros2_ws/install/robotics/lib/robotics
[1.376s] running install_egg_info
[1.392s] removing '/home/paolo/ros2_ws/install/robotics/lib/python3.10/site-packages/robotics-0.0.0-py3.10.egg-info' (and everything under it)
[1.392s] Copying ../../build/robotics/robotics.egg-info to /home/paolo/ros2_ws/install/robotics/lib/python3.10/site-packages/robotics-0.0.0-py3.10.egg-info
[1.393s] running install_scripts
[1.508s] Installing go2goal script to /home/paolo/ros2_ws/install/robotics/lib/robotics
[1.508s] Installing gz_tf_to_rviz_tf script to /home/paolo/ros2_ws/install/robotics/lib/robotics
[1.508s] Installing odom2wheelspeeds script to /home/paolo/ros2_ws/install/robotics/lib/robotics
[1.508s] Installing path_generator script to /home/paolo/ros2_ws/install/robotics/lib/robotics
[1.509s] Installing variable_robot_kinematics script to /home/paolo/ros2_ws/install/robotics/lib/robotics
[1.510s] writing list of installed files to '/home/paolo/ros2_ws/build/robotics/install.log'
[1.624s] Invoked command in '/home/paolo/ros2_ws/src/robotics' returned '0': PYTHONPATH=/home/paolo/ros2_ws/build/robotics/prefix_override:/home/paolo/ros2_ws/install/robotics/lib/python3.10/site-packages:${PYTHONPATH} /usr/bin/python3 -W ignore:setup.py install is deprecated setup.py egg_info --egg-base ../../build/robotics build --build-base /home/paolo/ros2_ws/build/robotics/build install --record /home/paolo/ros2_ws/build/robotics/install.log --single-version-externally-managed install_data
